2022-04-12 00:01:30.186  INFO 14960 --- [AsyncResolver-bootstrap-executor-0] c.n.d.s.r.aws.ConfigClusterResolver      : Resolving eureka endpoints via configuration
2022-04-12 00:06:30.261  INFO 14960 --- [AsyncResolver-bootstrap-executor-0] c.n.d.s.r.aws.ConfigClusterResolver      : Resolving eureka endpoints via configuration
2022-04-12 00:11:30.266  INFO 14960 --- [AsyncResolver-bootstrap-executor-0] c.n.d.s.r.aws.ConfigClusterResolver      : Resolving eureka endpoints via configuration
2022-04-12 00:16:30.283  INFO 14960 --- [AsyncResolver-bootstrap-executor-0] c.n.d.s.r.aws.ConfigClusterResolver      : Resolving eureka endpoints via configuration
2022-04-12 00:21:30.298  INFO 14960 --- [AsyncResolver-bootstrap-executor-0] c.n.d.s.r.aws.ConfigClusterResolver      : Resolving eureka endpoints via configuration
2022-04-12 00:26:30.308  INFO 14960 --- [AsyncResolver-bootstrap-executor-0] c.n.d.s.r.aws.ConfigClusterResolver      : Resolving eureka endpoints via configuration
2022-04-12 00:51:09.895  INFO 14960 --- [AsyncResolver-bootstrap-executor-0] c.n.d.s.r.aws.ConfigClusterResolver      : Resolving eureka endpoints via configuration
2022-04-12 00:56:09.907  INFO 14960 --- [AsyncResolver-bootstrap-executor-0] c.n.d.s.r.aws.ConfigClusterResolver      : Resolving eureka endpoints via configuration
2022-04-12 01:01:09.916  INFO 14960 --- [AsyncResolver-bootstrap-executor-0] c.n.d.s.r.aws.ConfigClusterResolver      : Resolving eureka endpoints via configuration
2022-04-12 01:06:09.932  INFO 14960 --- [AsyncResolver-bootstrap-executor-0] c.n.d.s.r.aws.ConfigClusterResolver      : Resolving eureka endpoints via configuration
2022-04-12 01:11:09.939  INFO 14960 --- [AsyncResolver-bootstrap-executor-0] c.n.d.s.r.aws.ConfigClusterResolver      : Resolving eureka endpoints via configuration
2022-04-12 01:11:44.502  INFO 14960 --- [http-nio-8086-exec-1] o.a.c.c.C.[Tomcat].[localhost].[/]       : Initializing Spring DispatcherServlet 'dispatcherServlet'
2022-04-12 01:11:44.512  INFO 14960 --- [http-nio-8086-exec-1] o.s.web.servlet.DispatcherServlet        : Initializing Servlet 'dispatcherServlet'
2022-04-12 01:11:44.955  INFO 14960 --- [http-nio-8086-exec-1] o.s.web.servlet.DispatcherServlet        : Completed initialization in 438 ms
2022-04-12 01:13:26.197  INFO 14960 --- [http-nio-8086-exec-3] c.c.c.controller.CompanyController       : Inside CompanyController getCompanyEmpDetails() method
2022-04-12 01:13:27.999  INFO 14960 --- [hystrix-CompanyService-1] c.c.c.service.CompanyService             : Inside CompanyService getAllEmployees() method
2022-04-12 01:13:29.589  INFO 14960 --- [hystrix-CompanyService-1] c.netflix.config.ChainedDynamicProperty  : Flipping property: employee-service.ribbon.ActiveConnectionsLimit to use NEXT property: niws.loadbalancer.availabilityFilteringRule.activeConnectionsLimit = 2147483647
2022-04-12 01:13:29.881  INFO 14960 --- [hystrix-CompanyService-1] c.n.u.concurrent.ShutdownEnabledTimer    : Shutdown hook installed for: NFLoadBalancer-PingTimer-employee-service
2022-04-12 01:13:29.883  INFO 14960 --- [hystrix-CompanyService-1] c.netflix.loadbalancer.BaseLoadBalancer  : Client: employee-service instantiated a LoadBalancer: DynamicServerListLoadBalancer:{NFLoadBalancer:name=employee-service,current list of Servers=[],Load balancer stats=Zone stats: {},Server stats: []}ServerList:null
2022-04-12 01:13:29.924  INFO 14960 --- [hystrix-CompanyService-1] c.n.l.DynamicServerListLoadBalancer      : Using serverListUpdater PollingServerListUpdater
2022-04-12 01:13:30.076  INFO 14960 --- [hystrix-CompanyService-1] c.netflix.config.ChainedDynamicProperty  : Flipping property: employee-service.ribbon.ActiveConnectionsLimit to use NEXT property: niws.loadbalancer.availabilityFilteringRule.activeConnectionsLimit = 2147483647
2022-04-12 01:13:30.092  INFO 14960 --- [hystrix-CompanyService-1] c.n.l.DynamicServerListLoadBalancer      : DynamicServerListLoadBalancer for client employee-service initialized: DynamicServerListLoadBalancer:{NFLoadBalancer:name=employee-service,current list of Servers=[DESKTOP-3HDQMUK:8088],Load balancer stats=Zone stats: {defaultzone=[Zone:defaultzone;	Instance count:1;	Active connections count: 0;	Circuit breaker tripped count: 0;	Active connections per server: 0.0;]
},Server stats: [[Server:DESKTOP-3HDQMUK:8088;	Zone:defaultZone;	Total Requests:0;	Successive connection failure:0;	Total blackout seconds:0;	Last connection made:Thu Jan 01 05:30:00 IST 1970;	First connection made: Thu Jan 01 05:30:00 IST 1970;	Active Connections:0;	total failure count in last (1000) msecs:0;	average resp time:0.0;	90 percentile resp time:0.0;	95 percentile resp time:0.0;	min resp time:0.0;	max resp time:0.0;	stddev resp time:0.0]
]}ServerList:org.springframework.cloud.netflix.ribbon.eureka.DomainExtractingServerList@21482204
2022-04-12 01:13:30.542  INFO 14960 --- [hystrix-CompanyService-1] c.c.c.service.CompanyService             : Employee Details
2022-04-12 01:13:30.546  INFO 14960 --- [hystrix-CompanyService-1] c.c.c.service.CompanyService             : EmployeeEntity [empId=1, empName=Udhay, empDesig=Consultant, employeeAddress=Ranipet, empSal=90000.0, buId=100]
2022-04-12 01:13:30.546  INFO 14960 --- [hystrix-CompanyService-1] c.c.c.service.CompanyService             : EmployeeEntity [empId=2, empName=Raga, empDesig=Associate, employeeAddress=Vellore, empSal=100000.0, buId=101]
2022-04-12 01:13:30.547  INFO 14960 --- [hystrix-CompanyService-1] c.c.c.service.CompanyService             : End of  CompanyService getAllEmployees() method
2022-04-12 01:13:30.631  INFO 14960 --- [hystrix-CompanyService-2] c.c.c.service.CompanyService             : Inside CompanyService getAllBUDetails() method
2022-04-12 01:13:30.910  INFO 14960 --- [hystrix-CompanyService-2] c.netflix.config.ChainedDynamicProperty  : Flipping property: bu-service.ribbon.ActiveConnectionsLimit to use NEXT property: niws.loadbalancer.availabilityFilteringRule.activeConnectionsLimit = 2147483647
2022-04-12 01:13:30.921  INFO 14960 --- [hystrix-CompanyService-2] c.n.u.concurrent.ShutdownEnabledTimer    : Shutdown hook installed for: NFLoadBalancer-PingTimer-bu-service
2022-04-12 01:13:30.921  INFO 14960 --- [hystrix-CompanyService-2] c.netflix.loadbalancer.BaseLoadBalancer  : Client: bu-service instantiated a LoadBalancer: DynamicServerListLoadBalancer:{NFLoadBalancer:name=bu-service,current list of Servers=[],Load balancer stats=Zone stats: {},Server stats: []}ServerList:null
2022-04-12 01:13:30.928  INFO 14960 --- [hystrix-CompanyService-2] c.n.l.DynamicServerListLoadBalancer      : Using serverListUpdater PollingServerListUpdater
2022-04-12 01:13:30.935  INFO 14960 --- [hystrix-CompanyService-2] c.netflix.config.ChainedDynamicProperty  : Flipping property: bu-service.ribbon.ActiveConnectionsLimit to use NEXT property: niws.loadbalancer.availabilityFilteringRule.activeConnectionsLimit = 2147483647
2022-04-12 01:13:30.943  INFO 14960 --- [hystrix-CompanyService-2] c.n.l.DynamicServerListLoadBalancer      : DynamicServerListLoadBalancer for client bu-service initialized: DynamicServerListLoadBalancer:{NFLoadBalancer:name=bu-service,current list of Servers=[DESKTOP-3HDQMUK:8087],Load balancer stats=Zone stats: {defaultzone=[Zone:defaultzone;	Instance count:1;	Active connections count: 0;	Circuit breaker tripped count: 0;	Active connections per server: 0.0;]
},Server stats: [[Server:DESKTOP-3HDQMUK:8087;	Zone:defaultZone;	Total Requests:0;	Successive connection failure:0;	Total blackout seconds:0;	Last connection made:Thu Jan 01 05:30:00 IST 1970;	First connection made: Thu Jan 01 05:30:00 IST 1970;	Active Connections:0;	total failure count in last (1000) msecs:0;	average resp time:0.0;	90 percentile resp time:0.0;	95 percentile resp time:0.0;	min resp time:0.0;	max resp time:0.0;	stddev resp time:0.0]
]}ServerList:org.springframework.cloud.netflix.ribbon.eureka.DomainExtractingServerList@728923bf
2022-04-12 01:13:30.951  INFO 14960 --- [PollingServerListUpdater-0] c.netflix.config.ChainedDynamicProperty  : Flipping property: employee-service.ribbon.ActiveConnectionsLimit to use NEXT property: niws.loadbalancer.availabilityFilteringRule.activeConnectionsLimit = 2147483647
2022-04-12 01:13:31.712  INFO 14960 --- [hystrix-CompanyService-2] c.c.c.service.CompanyService             : BU Details
2022-04-12 01:13:31.714  INFO 14960 --- [hystrix-CompanyService-2] c.c.c.service.CompanyService             : BusinessUnitEntitity [buId=100, buName=BFS, buHead=Vasanth]
2022-04-12 01:13:31.715  INFO 14960 --- [hystrix-CompanyService-2] c.c.c.service.CompanyService             : BusinessUnitEntitity [buId=101, buName=Insurance, buHead=Makani]
2022-04-12 01:13:31.715  INFO 14960 --- [hystrix-CompanyService-2] c.c.c.service.CompanyService             : End of  CompanyService getAllBUDetails() method
2022-04-12 01:13:31.807  INFO 14960 --- [http-nio-8086-exec-3] c.c.c.service.CompanyService             : Inside CompanyService getConsolidatedEmpDetails() method
2022-04-12 01:13:31.808  INFO 14960 --- [http-nio-8086-exec-3] c.c.c.service.CompanyService             : Consolidated Company Details
2022-04-12 01:13:31.812  INFO 14960 --- [http-nio-8086-exec-3] c.c.c.service.CompanyService             : EmployeeVO [empId=1, empName=Udhay, empDesig=Consultant, employeeAddress=Ranipet, empSal=90000.0, buId=100, buName=BFS, buHead=Vasanth]
2022-04-12 01:13:31.817  INFO 14960 --- [http-nio-8086-exec-3] c.c.c.service.CompanyService             : EmployeeVO [empId=2, empName=Raga, empDesig=Associate, employeeAddress=Vellore, empSal=100000.0, buId=101, buName=Insurance, buHead=Makani]
2022-04-12 01:13:31.951  INFO 14960 --- [PollingServerListUpdater-1] c.netflix.config.ChainedDynamicProperty  : Flipping property: bu-service.ribbon.ActiveConnectionsLimit to use NEXT property: niws.loadbalancer.availabilityFilteringRule.activeConnectionsLimit = 2147483647
2022-04-12 01:15:24.060  INFO 14960 --- [http-nio-8086-exec-5] c.c.c.controller.CompanyController       : Inside CompanyController getCompanyEmpDetails() method
2022-04-12 01:15:24.069  INFO 14960 --- [hystrix-CompanyService-3] c.c.c.service.CompanyService             : Inside CompanyService getAllEmployees() method
2022-04-12 01:15:24.941  INFO 14960 --- [hystrix-CompanyService-3] c.c.c.service.CompanyService             : Invoking Fallback method.....
2022-04-12 01:15:24.943  INFO 14960 --- [hystrix-CompanyService-3] c.c.c.service.CompanyService             : Inside CompanyService getFallbackAllEmployees() method
2022-04-12 01:15:24.956  INFO 14960 --- [hystrix-CompanyService-4] c.c.c.service.CompanyService             : Inside CompanyService getAllBUDetails() method
2022-04-12 01:15:24.992  INFO 14960 --- [hystrix-CompanyService-4] c.c.c.service.CompanyService             : BU Details
2022-04-12 01:15:24.993  INFO 14960 --- [hystrix-CompanyService-4] c.c.c.service.CompanyService             : BusinessUnitEntitity [buId=100, buName=BFS, buHead=Vasanth]
2022-04-12 01:15:24.993  INFO 14960 --- [hystrix-CompanyService-4] c.c.c.service.CompanyService             : BusinessUnitEntitity [buId=101, buName=Insurance, buHead=Makani]
2022-04-12 01:15:24.993  INFO 14960 --- [hystrix-CompanyService-4] c.c.c.service.CompanyService             : End of  CompanyService getAllBUDetails() method
2022-04-12 01:15:24.998  INFO 14960 --- [http-nio-8086-exec-5] c.c.c.service.CompanyService             : Inside CompanyService getConsolidatedEmpDetails() method
2022-04-12 01:15:24.999  INFO 14960 --- [http-nio-8086-exec-5] c.c.c.service.CompanyService             : Consolidated Company Details
2022-04-12 01:15:25.000  INFO 14960 --- [http-nio-8086-exec-5] c.c.c.service.CompanyService             : EmployeeVO [empId=0, empName=None, empDesig=None, employeeAddress=None, empSal=null, buId=0, buName=null, buHead=null]
2022-04-12 01:16:09.951  INFO 14960 --- [AsyncResolver-bootstrap-executor-0] c.n.d.s.r.aws.ConfigClusterResolver      : Resolving eureka endpoints via configuration
2022-04-12 01:21:09.957  INFO 14960 --- [AsyncResolver-bootstrap-executor-0] c.n.d.s.r.aws.ConfigClusterResolver      : Resolving eureka endpoints via configuration
2022-04-12 01:26:09.962  INFO 14960 --- [AsyncResolver-bootstrap-executor-0] c.n.d.s.r.aws.ConfigClusterResolver      : Resolving eureka endpoints via configuration
2022-04-12 02:11:45.779  INFO 14960 --- [AsyncResolver-bootstrap-executor-0] c.n.d.s.r.aws.ConfigClusterResolver      : Resolving eureka endpoints via configuration
2022-04-12 02:16:45.796  INFO 14960 --- [AsyncResolver-bootstrap-executor-0] c.n.d.s.r.aws.ConfigClusterResolver      : Resolving eureka endpoints via configuration
